x"0400050", 
x"0C00000", 
x"0410000", 
x"0C10001", 
x"04201A4", 
x"0C20002", 
x"0430000", 
x"0C30003", 
x"0C001F4", 
x"0C101F5", 
x"0C201F6", 
x"0C301F7", 
x"0440001", 
x"0C40004", 
x"0450003", 
x"0C50005", 
x"0460003", 
x"0C60006", 
x"3440001", 
x"5400015", 
x"4800063", 
x"341015E", 
x"6000018", 
x"480001A", 
x"1C10004", 
x"0C101F5", 
x"343015E", 
x"600001D", 
x"480001F", 
x"1C30004", 
x"0C301F7", 
x"7C00000", 
x"8000022", 
x"4800028", 
x"3400000", 
x"5C00025", 
x"4800028", 
x"2400004", 
x"0C001F4", 
x"9810000", 
x"7C00003", 
x"800002B", 
x"4800031", 
x"3400190", 
x"600002E", 
x"4800031", 
x"1C00004", 
x"0C001F4", 
x"9C10000", 
x"7C00016", 
x"8000034", 
x"4800035", 
x"8800000", 
x"7C00012", 
x"8000038", 
x"4800039", 
x"8C00000", 
x"7C00009", 
x"800003C", 
x"4800042", 
x"3420000", 
x"5C0003F", 
x"4800042", 
x"2420004", 
x"0C201F6", 
x"9820000", 
x"7C0000B", 
x"8000045", 
x"480004B", 
x"3420190", 
x"6000048", 
x"480004B", 
x"1C20004", 
x"0C201F6", 
x"9C20000", 
x"7C00008", 
x"800004E", 
x"480004F", 
x"9000000", 
x"7C0000A", 
x"8000052", 
x"4800053", 
x"9400000", 
x"6C001F4", 
x"70001F5", 
x"74001F6", 
x"78001F7", 
x"3450000", 
x"680005A", 
x"480005C", 
x"0440000", 
x"0C40004", 
x"3460000", 
x"680005F", 
x"4800061", 
x"0440000", 
x"0C40004", 
x"A00000A", 
x"4800012", 
